<?xml version="1.0" encoding="UTF-8"?>
<!-- Generated by org.testng.reporters.JUnitReportReporter -->
<testsuite hostname="DESKTOP-1V7FUM5" failures="0" tests="3" name="total1.Test1" time="0.013" errors="0" timestamp="2021-05-25T16:45:44 EDT" skipped="0">
  <testcase classname="total1.Test1" name="Write_TC1" time="0.007"/>
  <system-out/>
  <testcase classname="total1.Test1" name="Execute" time="0.003"/>
  <system-out/>
  <testcase classname="total1.Test1" name="Defect" time="0.003"/>
  <system-out/>
</testsuite> <!-- total1.Test1 -->
